<?xml version="1.0" encoding="UTF-8"?>
<!-- Generated by org.testng.reporters.JUnitReportReporter -->
<testsuite hostname="DESKTOP-7UHOTA0" failures="0" tests="1" name="cucumber.TestNGTestRunner" time="7.724" errors="0" timestamp="2025-07-19T14:31:03 IST" skipped="0">
  <testcase classname="cucumber.TestNGTestRunner" name="runScenario" time="7.724"/>
</testsuite> <!-- cucumber.TestNGTestRunner -->
