<?xml version="1.0" encoding="UTF-8"?>
<!-- Generated by org.testng.reporters.JUnitReportReporter -->
<testsuite hostname="DESKTOP-7UHOTA0" failures="0" tests="3" name="seleniumCourse.seleniumFrameDesign.StandalonePOMTest" time="35.386" errors="0" timestamp="2025-07-17T11:57:09 IST" skipped="0">
  <testcase classname="seleniumCourse.seleniumFrameDesign.StandalonePOMTest" name="Standalone" time="18.180"/>
  <testcase classname="seleniumCourse.seleniumFrameDesign.StandalonePOMTest" name="Standalone" time="9.379"/>
  <testcase classname="seleniumCourse.seleniumFrameDesign.StandalonePOMTest" name="orderHistoryTest" time="7.827"/>
</testsuite> <!-- seleniumCourse.seleniumFrameDesign.StandalonePOMTest -->
