<?xml version="1.0" encoding="UTF-8"?>
<!-- Generated by org.testng.reporters.JUnitReportReporter -->
<testsuite hostname="DESKTOP-7UHOTA0" failures="0" tests="2" name="seleniumCourse.seleniumFrameDesign.ErrorValidations" time="17.186" errors="0" timestamp="2025-07-17T11:57:09 IST" skipped="0">
  <testcase classname="seleniumCourse.seleniumFrameDesign.ErrorValidations" name="errorMsg" time="4.427"/>
  <testcase classname="seleniumCourse.seleniumFrameDesign.ErrorValidations" name="pdtErrorValidation" time="12.759"/>
</testsuite> <!-- seleniumCourse.seleniumFrameDesign.ErrorValidations -->
