<?xml version="1.0" encoding="UTF-8"?>
<!-- Generated by org.testng.reporters.JUnitReportReporter -->
<testsuite hostname="DESKTOP-7UHOTA0" failures="0" tests="1" name="cucumber.TestNGTestRunner" time="8.131" errors="0" timestamp="2025-07-19T20:13:23 IST" skipped="0">
  <testcase classname="cucumber.TestNGTestRunner" name="runScenario" time="8.131"/>
</testsuite> <!-- cucumber.TestNGTestRunner -->
